{"/home/minha/projects/community-service/server.js": {"path":"/home/minha/projects/community-service/server.js","statementMap":{"0":{"start":{"line":2,"column":16},"end":{"line":2,"column":34}},"1":{"start":{"line":3,"column":12},"end":{"line":3,"column":21}},"2":{"start":{"line":6,"column":23},"end":{"line":6,"column":49}},"3":{"start":{"line":7,"column":0},"end":{"line":7,"column":35}},"4":{"start":{"line":8,"column":19},"end":{"line":8,"column":41}},"5":{"start":{"line":9,"column":0},"end":{"line":9,"column":50}},"6":{"start":{"line":10,"column":0},"end":{"line":10,"column":24}},"7":{"start":{"line":11,"column":0},"end":{"line":11,"column":30}},"8":{"start":{"line":12,"column":0},"end":{"line":12,"column":45}},"9":{"start":{"line":13,"column":0},"end":{"line":13,"column":29}},"10":{"start":{"line":16,"column":0},"end":{"line":16,"column":26}},"11":{"start":{"line":19,"column":17},"end":{"line":19,"column":36}},"12":{"start":{"line":20,"column":16},"end":{"line":20,"column":42}},"13":{"start":{"line":21,"column":0},"end":{"line":27,"column":2}},"14":{"start":{"line":28,"column":0},"end":{"line":28,"column":39}},"15":{"start":{"line":29,"column":0},"end":{"line":29,"column":31}},"16":{"start":{"line":30,"column":0},"end":{"line":30,"column":28}},"17":{"start":{"line":33,"column":17},"end":{"line":33,"column":36}},"18":{"start":{"line":34,"column":0},"end":{"line":34,"column":35}},"19":{"start":{"line":35,"column":0},"end":{"line":44,"column":36}},"20":{"start":{"line":41,"column":8},"end":{"line":41,"column":37}},"21":{"start":{"line":44,"column":18},"end":{"line":44,"column":34}},"22":{"start":{"line":48,"column":17},"end":{"line":48,"column":44}},"23":{"start":{"line":49,"column":0},"end":{"line":49,"column":37}},"24":{"start":{"line":52,"column":0},"end":{"line":52,"column":43}},"25":{"start":{"line":53,"column":0},"end":{"line":53,"column":48}},"26":{"start":{"line":54,"column":0},"end":{"line":54,"column":50}},"27":{"start":{"line":57,"column":0},"end":{"line":59,"column":2}},"28":{"start":{"line":58,"column":4},"end":{"line":58,"column":52}},"29":{"start":{"line":65,"column":0},"end":{"line":65,"column":21}}},"fnMap":{"0":{"name":"(anonymous_0)","decl":{"start":{"line":40,"column":10},"end":{"line":40,"column":11}},"loc":{"start":{"line":40,"column":16},"end":{"line":43,"column":5}},"line":40},"1":{"name":"(anonymous_1)","decl":{"start":{"line":44,"column":11},"end":{"line":44,"column":12}},"loc":{"start":{"line":44,"column":18},"end":{"line":44,"column":34}},"line":44},"2":{"name":"(anonymous_2)","decl":{"start":{"line":57,"column":8},"end":{"line":57,"column":9}},"loc":{"start":{"line":57,"column":35},"end":{"line":59,"column":1}},"line":57}},"branchMap":{},"s":{"0":1,"1":1,"2":1,"3":1,"4":1,"5":1,"6":1,"7":1,"8":1,"9":1,"10":1,"11":1,"12":1,"13":1,"14":1,"15":1,"16":1,"17":1,"18":1,"19":1,"20":1,"21":0,"22":1,"23":1,"24":1,"25":1,"26":1,"27":1,"28":3,"29":1},"f":{"0":1,"1":0,"2":3},"b":{},"_coverageSchema":"1a1c01bbd47fc00a2c39e90264f33305004495a9","hash":"60cbd18eb2ee2aae55772b2dc36472860c17fa05"}
,"/home/minha/projects/community-service/config/passport.js": {"path":"/home/minha/projects/community-service/config/passport.js","statementMap":{"0":{"start":{"line":1,"column":22},"end":{"line":1,"column":47}},"1":{"start":{"line":2,"column":15},"end":{"line":2,"column":32}},"2":{"start":{"line":3,"column":18},"end":{"line":3,"column":43}},"3":{"start":{"line":5,"column":19},"end":{"line":19,"column":1}},"4":{"start":{"line":6,"column":4},"end":{"line":18,"column":5}},"5":{"start":{"line":7,"column":23},"end":{"line":7,"column":64}},"6":{"start":{"line":8,"column":8},"end":{"line":15,"column":11}},"7":{"start":{"line":9,"column":12},"end":{"line":9,"column":41}},"8":{"start":{"line":9,"column":23},"end":{"line":9,"column":41}},"9":{"start":{"line":10,"column":12},"end":{"line":14,"column":13}},"10":{"start":{"line":11,"column":16},"end":{"line":11,"column":41}},"11":{"start":{"line":13,"column":16},"end":{"line":13,"column":65}},"12":{"start":{"line":17,"column":8},"end":{"line":17,"column":59}},"13":{"start":{"line":21,"column":0},"end":{"line":41,"column":2}},"14":{"start":{"line":23,"column":4},"end":{"line":29,"column":6}},"15":{"start":{"line":31,"column":4},"end":{"line":33,"column":7}},"16":{"start":{"line":32,"column":8},"end":{"line":32,"column":27}},"17":{"start":{"line":36,"column":4},"end":{"line":40,"column":7}},"18":{"start":{"line":37,"column":8},"end":{"line":39,"column":11}},"19":{"start":{"line":38,"column":12},"end":{"line":38,"column":30}}},"fnMap":{"0":{"name":"(anonymous_0)","decl":{"start":{"line":5,"column":19},"end":{"line":5,"column":20}},"loc":{"start":{"line":5,"column":55},"end":{"line":19,"column":1}},"line":5},"1":{"name":"(anonymous_1)","decl":{"start":{"line":8,"column":44},"end":{"line":8,"column":45}},"loc":{"start":{"line":8,"column":67},"end":{"line":15,"column":9}},"line":8},"2":{"name":"(anonymous_2)","decl":{"start":{"line":21,"column":17},"end":{"line":21,"column":18}},"loc":{"start":{"line":21,"column":31},"end":{"line":41,"column":1}},"line":21},"3":{"name":"(anonymous_3)","decl":{"start":{"line":31,"column":27},"end":{"line":31,"column":28}},"loc":{"start":{"line":31,"column":49},"end":{"line":33,"column":5}},"line":31},"4":{"name":"(anonymous_4)","decl":{"start":{"line":36,"column":29},"end":{"line":36,"column":30}},"loc":{"start":{"line":36,"column":47},"end":{"line":40,"column":5}},"line":36},"5":{"name":"(anonymous_5)","decl":{"start":{"line":37,"column":40},"end":{"line":37,"column":41}},"loc":{"start":{"line":37,"column":63},"end":{"line":39,"column":9}},"line":37}},"branchMap":{"0":{"loc":{"start":{"line":9,"column":12},"end":{"line":9,"column":41}},"type":"if","locations":[{"start":{"line":9,"column":12},"end":{"line":9,"column":41}},{"start":{},"end":{}}],"line":9},"1":{"loc":{"start":{"line":10,"column":12},"end":{"line":14,"column":13}},"type":"if","locations":[{"start":{"line":10,"column":12},"end":{"line":14,"column":13}},{"start":{"line":12,"column":19},"end":{"line":14,"column":13}}],"line":10}},"s":{"0":1,"1":1,"2":1,"3":1,"4":0,"5":0,"6":0,"7":0,"8":0,"9":0,"10":0,"11":0,"12":0,"13":1,"14":1,"15":1,"16":0,"17":1,"18":0,"19":0},"f":{"0":0,"1":0,"2":1,"3":0,"4":0,"5":0},"b":{"0":[0,0],"1":[0,0]},"_coverageSchema":"1a1c01bbd47fc00a2c39e90264f33305004495a9","hash":"853d857b434910df498d3ffa7c2284f0b24569e1"}
,"/home/minha/projects/community-service/models/counter.js": {"path":"/home/minha/projects/community-service/models/counter.js","statementMap":{"0":{"start":{"line":1,"column":17},"end":{"line":1,"column":36}},"1":{"start":{"line":3,"column":22},"end":{"line":14,"column":2}},"2":{"start":{"line":16,"column":16},"end":{"line":16,"column":56}},"3":{"start":{"line":18,"column":0},"end":{"line":18,"column":25}}},"fnMap":{},"branchMap":{},"s":{"0":2,"1":2,"2":2,"3":2},"f":{},"b":{},"_coverageSchema":"1a1c01bbd47fc00a2c39e90264f33305004495a9","hash":"53eb88d5d028c8691431cae7588d0e1ea2988150"}
,"/home/minha/projects/community-service/models/post.js": {"path":"/home/minha/projects/community-service/models/post.js","statementMap":{"0":{"start":{"line":1,"column":17},"end":{"line":1,"column":36}},"1":{"start":{"line":3,"column":19},"end":{"line":30,"column":28}},"2":{"start":{"line":32,"column":13},"end":{"line":32,"column":47}},"3":{"start":{"line":34,"column":0},"end":{"line":34,"column":22}}},"fnMap":{},"branchMap":{},"s":{"0":2,"1":2,"2":2,"3":2},"f":{},"b":{},"_coverageSchema":"1a1c01bbd47fc00a2c39e90264f33305004495a9","hash":"ef3190bfeb776b87c9a4e1497ca84eac168718aa"}
,"/home/minha/projects/community-service/models/user.js": {"path":"/home/minha/projects/community-service/models/user.js","statementMap":{"0":{"start":{"line":1,"column":17},"end":{"line":1,"column":36}},"1":{"start":{"line":3,"column":19},"end":{"line":13,"column":28}},"2":{"start":{"line":15,"column":13},"end":{"line":15,"column":47}},"3":{"start":{"line":17,"column":0},"end":{"line":17,"column":22}}},"fnMap":{},"branchMap":{},"s":{"0":2,"1":2,"2":2,"3":2},"f":{},"b":{},"_coverageSchema":"1a1c01bbd47fc00a2c39e90264f33305004495a9","hash":"7db05be4c91c32246ed954b3e3b367ed493de57d"}
,"/home/minha/projects/community-service/models/view.js": {"path":"/home/minha/projects/community-service/models/view.js","statementMap":{"0":{"start":{"line":1,"column":17},"end":{"line":1,"column":36}},"1":{"start":{"line":3,"column":19},"end":{"line":15,"column":28}},"2":{"start":{"line":17,"column":0},"end":{"line":17,"column":68}},"3":{"start":{"line":18,"column":13},"end":{"line":18,"column":47}},"4":{"start":{"line":20,"column":0},"end":{"line":20,"column":22}}},"fnMap":{},"branchMap":{},"s":{"0":2,"1":2,"2":2,"3":2,"4":2},"f":{},"b":{},"_coverageSchema":"1a1c01bbd47fc00a2c39e90264f33305004495a9","hash":"6de2a215d51a8765d2eea05c9f83fe27408b00a2"}
,"/home/minha/projects/community-service/routes/controller.js": {"path":"/home/minha/projects/community-service/routes/controller.js","statementMap":{"0":{"start":{"line":2,"column":18},"end":{"line":2,"column":43}},"1":{"start":{"line":3,"column":21},"end":{"line":3,"column":49}},"2":{"start":{"line":4,"column":18},"end":{"line":4,"column":43}},"3":{"start":{"line":5,"column":18},"end":{"line":5,"column":43}},"4":{"start":{"line":8,"column":15},"end":{"line":8,"column":32}},"5":{"start":{"line":9,"column":19},"end":{"line":9,"column":21}},"6":{"start":{"line":11,"column":0},"end":{"line":22,"column":1}},"7":{"start":{"line":12,"column":4},"end":{"line":21,"column":5}},"8":{"start":{"line":13,"column":22},"end":{"line":13,"column":47}},"9":{"start":{"line":14,"column":22},"end":{"line":14,"column":47}},"10":{"start":{"line":15,"column":21},"end":{"line":15,"column":107}},"11":{"start":{"line":16,"column":24},"end":{"line":16,"column":74}},"12":{"start":{"line":17,"column":26},"end":{"line":17,"column":43}},"13":{"start":{"line":18,"column":8},"end":{"line":18,"column":92}},"14":{"start":{"line":20,"column":8},"end":{"line":20,"column":20}},"15":{"start":{"line":24,"column":0},"end":{"line":38,"column":1}},"16":{"start":{"line":25,"column":4},"end":{"line":37,"column":5}},"17":{"start":{"line":26,"column":19},"end":{"line":26,"column":147}},"18":{"start":{"line":27,"column":21},"end":{"line":27,"column":69}},"19":{"start":{"line":28,"column":21},"end":{"line":28,"column":97}},"20":{"start":{"line":29,"column":8},"end":{"line":32,"column":9}},"21":{"start":{"line":30,"column":12},"end":{"line":30,"column":41}},"22":{"start":{"line":31,"column":12},"end":{"line":31,"column":79}},"23":{"start":{"line":33,"column":21},"end":{"line":33,"column":60}},"24":{"start":{"line":34,"column":8},"end":{"line":34,"column":62}},"25":{"start":{"line":36,"column":8},"end":{"line":36,"column":19}},"26":{"start":{"line":40,"column":0},"end":{"line":53,"column":2}},"27":{"start":{"line":41,"column":4},"end":{"line":52,"column":5}},"28":{"start":{"line":42,"column":21},"end":{"line":42,"column":53}},"29":{"start":{"line":43,"column":31},"end":{"line":43,"column":85}},"30":{"start":{"line":44,"column":21},"end":{"line":44,"column":58}},"31":{"start":{"line":45,"column":8},"end":{"line":45,"column":37}},"32":{"start":{"line":46,"column":8},"end":{"line":46,"column":97}},"33":{"start":{"line":48,"column":8},"end":{"line":50,"column":9}},"34":{"start":{"line":49,"column":12},"end":{"line":49,"column":99}},"35":{"start":{"line":51,"column":8},"end":{"line":51,"column":20}},"36":{"start":{"line":55,"column":0},"end":{"line":63,"column":2}},"37":{"start":{"line":56,"column":4},"end":{"line":62,"column":5}},"38":{"start":{"line":57,"column":23},"end":{"line":57,"column":89}},"39":{"start":{"line":58,"column":8},"end":{"line":58,"column":88}},"40":{"start":{"line":60,"column":8},"end":{"line":60,"column":27}},"41":{"start":{"line":61,"column":8},"end":{"line":61,"column":20}},"42":{"start":{"line":65,"column":0},"end":{"line":71,"column":2}},"43":{"start":{"line":66,"column":4},"end":{"line":70,"column":5}},"44":{"start":{"line":67,"column":8},"end":{"line":67,"column":44}},"45":{"start":{"line":69,"column":8},"end":{"line":69,"column":20}},"46":{"start":{"line":73,"column":0},"end":{"line":86,"column":2}},"47":{"start":{"line":74,"column":4},"end":{"line":85,"column":5}},"48":{"start":{"line":75,"column":24},"end":{"line":75,"column":67}},"49":{"start":{"line":76,"column":26},"end":{"line":76,"column":43}},"50":{"start":{"line":77,"column":21},"end":{"line":77,"column":31}},"51":{"start":{"line":78,"column":26},"end":{"line":78,"column":293}},"52":{"start":{"line":79,"column":21},"end":{"line":79,"column":155}},"53":{"start":{"line":80,"column":8},"end":{"line":80,"column":37}},"54":{"start":{"line":81,"column":8},"end":{"line":81,"column":89}},"55":{"start":{"line":82,"column":8},"end":{"line":82,"column":56}},"56":{"start":{"line":84,"column":8},"end":{"line":84,"column":20}},"57":{"start":{"line":88,"column":0},"end":{"line":99,"column":2}},"58":{"start":{"line":89,"column":4},"end":{"line":98,"column":5}},"59":{"start":{"line":90,"column":21},"end":{"line":90,"column":96}},"60":{"start":{"line":91,"column":8},"end":{"line":95,"column":9}},"61":{"start":{"line":92,"column":12},"end":{"line":92,"column":108}},"62":{"start":{"line":94,"column":12},"end":{"line":94,"column":66}},"63":{"start":{"line":97,"column":8},"end":{"line":97,"column":20}},"64":{"start":{"line":101,"column":0},"end":{"line":108,"column":2}},"65":{"start":{"line":102,"column":4},"end":{"line":107,"column":5}},"66":{"start":{"line":103,"column":8},"end":{"line":103,"column":123}},"67":{"start":{"line":104,"column":8},"end":{"line":104,"column":59}},"68":{"start":{"line":106,"column":8},"end":{"line":106,"column":20}},"69":{"start":{"line":110,"column":0},"end":{"line":123,"column":2}},"70":{"start":{"line":111,"column":4},"end":{"line":122,"column":5}},"71":{"start":{"line":112,"column":21},"end":{"line":112,"column":96}},"72":{"start":{"line":113,"column":8},"end":{"line":119,"column":9}},"73":{"start":{"line":114,"column":12},"end":{"line":114,"column":108}},"74":{"start":{"line":116,"column":12},"end":{"line":116,"column":90}},"75":{"start":{"line":117,"column":12},"end":{"line":117,"column":83}},"76":{"start":{"line":118,"column":12},"end":{"line":118,"column":98}},"77":{"start":{"line":121,"column":8},"end":{"line":121,"column":20}},"78":{"start":{"line":125,"column":0},"end":{"line":147,"column":2}},"79":{"start":{"line":126,"column":4},"end":{"line":146,"column":5}},"80":{"start":{"line":127,"column":35},"end":{"line":140,"column":11}},"81":{"start":{"line":142,"column":25},"end":{"line":142,"column":70}},"82":{"start":{"line":143,"column":10},"end":{"line":143,"column":54}},"83":{"start":{"line":145,"column":8},"end":{"line":145,"column":20}},"84":{"start":{"line":149,"column":0},"end":{"line":155,"column":2}},"85":{"start":{"line":150,"column":4},"end":{"line":154,"column":5}},"86":{"start":{"line":151,"column":8},"end":{"line":151,"column":14}},"87":{"start":{"line":153,"column":8},"end":{"line":153,"column":98}}},"fnMap":{"0":{"name":"(anonymous_0)","decl":{"start":{"line":11,"column":19},"end":{"line":11,"column":20}},"loc":{"start":{"line":11,"column":45},"end":{"line":22,"column":1}},"line":11},"1":{"name":"(anonymous_1)","decl":{"start":{"line":24,"column":24},"end":{"line":24,"column":25}},"loc":{"start":{"line":24,"column":50},"end":{"line":38,"column":1}},"line":24},"2":{"name":"(anonymous_2)","decl":{"start":{"line":40,"column":21},"end":{"line":40,"column":22}},"loc":{"start":{"line":40,"column":47},"end":{"line":53,"column":1}},"line":40},"3":{"name":"(anonymous_3)","decl":{"start":{"line":55,"column":20},"end":{"line":55,"column":21}},"loc":{"start":{"line":55,"column":46},"end":{"line":63,"column":1}},"line":55},"4":{"name":"(anonymous_4)","decl":{"start":{"line":65,"column":19},"end":{"line":65,"column":20}},"loc":{"start":{"line":65,"column":39},"end":{"line":71,"column":1}},"line":65},"5":{"name":"(anonymous_5)","decl":{"start":{"line":73,"column":21},"end":{"line":73,"column":22}},"loc":{"start":{"line":73,"column":47},"end":{"line":86,"column":1}},"line":73},"6":{"name":"(anonymous_6)","decl":{"start":{"line":88,"column":21},"end":{"line":88,"column":22}},"loc":{"start":{"line":88,"column":47},"end":{"line":99,"column":1}},"line":88},"7":{"name":"(anonymous_7)","decl":{"start":{"line":101,"column":21},"end":{"line":101,"column":22}},"loc":{"start":{"line":101,"column":47},"end":{"line":108,"column":1}},"line":101},"8":{"name":"(anonymous_8)","decl":{"start":{"line":110,"column":21},"end":{"line":110,"column":22}},"loc":{"start":{"line":110,"column":47},"end":{"line":123,"column":1}},"line":110},"9":{"name":"(anonymous_9)","decl":{"start":{"line":125,"column":22},"end":{"line":125,"column":23}},"loc":{"start":{"line":125,"column":48},"end":{"line":147,"column":1}},"line":125},"10":{"name":"(anonymous_10)","decl":{"start":{"line":149,"column":19},"end":{"line":149,"column":20}},"loc":{"start":{"line":149,"column":39},"end":{"line":155,"column":1}},"line":149}},"branchMap":{"0":{"loc":{"start":{"line":26,"column":19},"end":{"line":26,"column":147}},"type":"binary-expr","locations":[{"start":{"line":26,"column":19},"end":{"line":26,"column":48}},{"start":{"line":26,"column":52},"end":{"line":26,"column":80}},{"start":{"line":26,"column":84},"end":{"line":26,"column":108}},{"start":{"line":26,"column":112},"end":{"line":26,"column":147}}],"line":26},"1":{"loc":{"start":{"line":29,"column":8},"end":{"line":32,"column":9}},"type":"if","locations":[{"start":{"line":29,"column":8},"end":{"line":32,"column":9}},{"start":{},"end":{}}],"line":29},"2":{"loc":{"start":{"line":48,"column":8},"end":{"line":50,"column":9}},"type":"if","locations":[{"start":{"line":48,"column":8},"end":{"line":50,"column":9}},{"start":{},"end":{}}],"line":48},"3":{"loc":{"start":{"line":91,"column":8},"end":{"line":95,"column":9}},"type":"if","locations":[{"start":{"line":91,"column":8},"end":{"line":95,"column":9}},{"start":{"line":93,"column":15},"end":{"line":95,"column":9}}],"line":91},"4":{"loc":{"start":{"line":113,"column":8},"end":{"line":119,"column":9}},"type":"if","locations":[{"start":{"line":113,"column":8},"end":{"line":119,"column":9}},{"start":{"line":115,"column":15},"end":{"line":119,"column":9}}],"line":113},"5":{"loc":{"start":{"line":150,"column":4},"end":{"line":154,"column":5}},"type":"if","locations":[{"start":{"line":150,"column":4},"end":{"line":154,"column":5}},{"start":{"line":152,"column":11},"end":{"line":154,"column":5}}],"line":150}},"s":{"0":2,"1":2,"2":2,"3":2,"4":2,"5":2,"6":2,"7":3,"8":3,"9":3,"10":3,"11":1,"12":1,"13":1,"14":2,"15":2,"16":2,"17":2,"18":2,"19":2,"20":2,"21":0,"22":0,"23":2,"24":2,"25":0,"26":2,"27":3,"28":3,"29":3,"30":3,"31":3,"32":1,"33":2,"34":1,"35":2,"36":2,"37":0,"38":0,"39":0,"40":0,"41":0,"42":2,"43":0,"44":0,"45":0,"46":2,"47":0,"48":0,"49":0,"50":0,"51":0,"52":0,"53":0,"54":0,"55":0,"56":0,"57":2,"58":0,"59":0,"60":0,"61":0,"62":0,"63":0,"64":2,"65":0,"66":0,"67":0,"68":0,"69":2,"70":0,"71":0,"72":0,"73":0,"74":0,"75":0,"76":0,"77":0,"78":2,"79":0,"80":0,"81":0,"82":0,"83":0,"84":2,"85":0,"86":0,"87":0},"f":{"0":3,"1":2,"2":3,"3":0,"4":0,"5":0,"6":0,"7":0,"8":0,"9":0,"10":0},"b":{"0":[2,2,0,0],"1":[0,2],"2":[1,1],"3":[0,0],"4":[0,0],"5":[0,0]},"_coverageSchema":"1a1c01bbd47fc00a2c39e90264f33305004495a9","hash":"85b06c3a99e795ddc919d3f7662c921785730f6c"}
,"/home/minha/projects/community-service/routes/index.js": {"path":"/home/minha/projects/community-service/routes/index.js","statementMap":{"0":{"start":{"line":1,"column":15},"end":{"line":1,"column":42}},"1":{"start":{"line":2,"column":19},"end":{"line":2,"column":42}},"2":{"start":{"line":4,"column":0},"end":{"line":4,"column":37}},"3":{"start":{"line":5,"column":0},"end":{"line":5,"column":52}},"4":{"start":{"line":6,"column":0},"end":{"line":6,"column":65}},"5":{"start":{"line":7,"column":0},"end":{"line":7,"column":63}},"6":{"start":{"line":8,"column":0},"end":{"line":8,"column":49}},"7":{"start":{"line":9,"column":0},"end":{"line":9,"column":43}},"8":{"start":{"line":10,"column":0},"end":{"line":10,"column":68}},"9":{"start":{"line":11,"column":0},"end":{"line":11,"column":70}},"10":{"start":{"line":12,"column":0},"end":{"line":12,"column":46}},"11":{"start":{"line":14,"column":0},"end":{"line":14,"column":24}}},"fnMap":{},"branchMap":{},"s":{"0":1,"1":1,"2":1,"3":1,"4":1,"5":1,"6":1,"7":1,"8":1,"9":1,"10":1,"11":1},"f":{},"b":{},"_coverageSchema":"1a1c01bbd47fc00a2c39e90264f33305004495a9","hash":"7cd68fedbf39ecd3d18a0af6315e1ecaddef3699"}
,"/home/minha/projects/community-service/routes/login.js": {"path":"/home/minha/projects/community-service/routes/login.js","statementMap":{"0":{"start":{"line":1,"column":15},"end":{"line":1,"column":42}},"1":{"start":{"line":2,"column":17},"end":{"line":2,"column":36}},"2":{"start":{"line":5,"column":0},"end":{"line":11,"column":2}},"3":{"start":{"line":6,"column":4},"end":{"line":10,"column":5}},"4":{"start":{"line":7,"column":8},"end":{"line":7,"column":32}},"5":{"start":{"line":9,"column":8},"end":{"line":9,"column":20}},"6":{"start":{"line":13,"column":0},"end":{"line":19,"column":2}},"7":{"start":{"line":14,"column":4},"end":{"line":18,"column":5}},"8":{"start":{"line":15,"column":8},"end":{"line":15,"column":26}},"9":{"start":{"line":17,"column":8},"end":{"line":17,"column":20}},"10":{"start":{"line":21,"column":0},"end":{"line":27,"column":2}},"11":{"start":{"line":22,"column":4},"end":{"line":26,"column":5}},"12":{"start":{"line":23,"column":8},"end":{"line":23,"column":98}},"13":{"start":{"line":25,"column":8},"end":{"line":25,"column":20}},"14":{"start":{"line":29,"column":0},"end":{"line":29,"column":24}}},"fnMap":{"0":{"name":"(anonymous_0)","decl":{"start":{"line":5,"column":16},"end":{"line":5,"column":17}},"loc":{"start":{"line":5,"column":36},"end":{"line":11,"column":1}},"line":5},"1":{"name":"(anonymous_1)","decl":{"start":{"line":13,"column":84},"end":{"line":13,"column":85}},"loc":{"start":{"line":13,"column":104},"end":{"line":19,"column":1}},"line":13},"2":{"name":"(anonymous_2)","decl":{"start":{"line":21,"column":21},"end":{"line":21,"column":22}},"loc":{"start":{"line":21,"column":41},"end":{"line":27,"column":1}},"line":21}},"branchMap":{},"s":{"0":1,"1":1,"2":1,"3":0,"4":0,"5":0,"6":1,"7":0,"8":0,"9":0,"10":1,"11":0,"12":0,"13":0,"14":1},"f":{"0":0,"1":0,"2":0},"b":{},"_coverageSchema":"1a1c01bbd47fc00a2c39e90264f33305004495a9","hash":"92e69974a6519bc88f6a1935a4559a26bf5376a0"}
,"/home/minha/projects/community-service/routes/signin.js": {"path":"/home/minha/projects/community-service/routes/signin.js","statementMap":{"0":{"start":{"line":1,"column":15},"end":{"line":1,"column":42}},"1":{"start":{"line":2,"column":19},"end":{"line":2,"column":42}},"2":{"start":{"line":4,"column":0},"end":{"line":6,"column":3}},"3":{"start":{"line":5,"column":4},"end":{"line":5,"column":28}},"4":{"start":{"line":8,"column":0},"end":{"line":8,"column":40}},"5":{"start":{"line":10,"column":0},"end":{"line":10,"column":24}}},"fnMap":{"0":{"name":"(anonymous_0)","decl":{"start":{"line":4,"column":16},"end":{"line":4,"column":17}},"loc":{"start":{"line":4,"column":34},"end":{"line":6,"column":1}},"line":4}},"branchMap":{},"s":{"0":1,"1":1,"2":1,"3":0,"4":1,"5":1},"f":{"0":0},"b":{},"_coverageSchema":"1a1c01bbd47fc00a2c39e90264f33305004495a9","hash":"573746c62cd71a29e8d50ac999bf618e4d5ee36a"}
}
